<?xml version="1.0" encoding="UTF-8"?>
<!-- Generated by org.testng.reporters.JUnitXMLReporter -->
<testsuite ignored="0" hostname="MAVBCP2226" failures="0" tests="4" name="Default test" time="16.391" errors="0" timestamp="2022-01-12T17:06:27 IST">
  <testcase classname="com.tests.calculator.CalculatorTestCases" name="SumTest" time="2.52"/>
  <testcase classname="com.tests.calculator.CalculatorTestCases" name="SubTest" time="2.221"/>
  <testcase classname="com.tests.calculator.CalculatorTestCases" name="MulTest" time="2.21"/>
  <testcase classname="com.tests.calculator.CalculatorTestCases" name="DivTest" time="2.221"/>
</testsuite> <!-- Default test -->
