<?xml version="1.0" encoding="UTF-8"?>
<!-- Generated by org.testng.reporters.JUnitXMLReporter -->
<testsuite ignored="0" hostname="MAVBCP2226" failures="1" tests="1" name="MultipleBrowserTesting" time="0.084" errors="0" timestamp="2022-01-10T11:28:45 IST">
  <testcase classname="com.tests.multiple.MultipleBrowserExecution" name="setup" time="0.0">
    <failure type="org.testng.TestNGException" message="
Cannot inject @Test annotated Method [setup] with [class java.lang.String].
For more information on native dependency injection please refer to https://testng.org/doc/documentation-main.html#native-dependency-injection">
      <![CDATA[org.testng.TestNGException: 
Cannot inject @Test annotated Method [setup] with [class java.lang.String].
For more information on native dependency injection please refer to https://testng.org/doc/documentation-main.html#native-dependency-injection
at java.base/java.util.ArrayList.forEach(ArrayList.java:1511)
... Removed 26 stack frames]]>
    </failure>
  </testcase> <!-- setup -->
</testsuite> <!-- MultipleBrowserTesting -->
