<?xml version="1.0" encoding="UTF-8"?>
<!-- Generated by org.testng.reporters.JUnitXMLReporter -->
<testsuite ignored="0" hostname="MAVBCP2226" failures="0" tests="4" name="Test" time="17.106" errors="0" timestamp="2022-01-12T17:20:44 IST">
  <testcase classname="com.tests.calculator.CalculatorTestCases" name="SumTest" time="2.623"/>
  <testcase classname="com.tests.calculator.CalculatorTestCases" name="SubTest" time="2.276"/>
  <testcase classname="com.tests.calculator.CalculatorTestCases" name="MulTest" time="2.262"/>
  <testcase classname="com.tests.calculator.CalculatorTestCases" name="DivTest" time="2.31"/>
</testsuite> <!-- Test -->
