<?xml version="1.0" encoding="UTF-8"?>
<!-- Generated by org.testng.reporters.JUnitXMLReporter -->
<testsuite ignored="0" hostname="MAVBCP2226" failures="0" tests="4" name="Test" time="16.898" errors="0" timestamp="2022-01-12T17:38:54 IST">
  <testcase classname="com.tests.calculator.CalculatorTestCases" name="SumTest" time="2.563"/>
  <testcase classname="com.tests.calculator.CalculatorTestCases" name="SubTest" time="2.333"/>
  <testcase classname="com.tests.calculator.CalculatorTestCases" name="MulTest" time="2.223"/>
  <testcase classname="com.tests.calculator.CalculatorTestCases" name="DivTest" time="2.195"/>
</testsuite> <!-- Test -->
