<?xml version="1.0" encoding="UTF-8"?>
<testsuite name="TestSuite" time="9.314" tests="4" errors="0" skipped="0" failures="0">
  <properties>
[...]
</properties>
  <testcase name="SumTest" classname="com.tests.calculator.CalculatorTestCases" time="2.563"/>
  <testcase name="SubTest" classname="com.tests.calculator.CalculatorTestCases" time="2.333"/>
  <testcase name="MulTest" classname="com.tests.calculator.CalculatorTestCases" time="2.223"/>
  <testcase name="DivTest" classname="com.tests.calculator.CalculatorTestCases" time="2.195"/>
</testsuite>