<?xml version="1.0" encoding="UTF-8"?>
<testng-results ignored="0" total="4" passed="4" failed="0" skipped="0">
  <reporter-output>
  </reporter-output>
  <suite started-at="2022-01-12T17:20:27 IST" name="Suite" finished-at="2022-01-12T17:20:44 IST" duration-ms="17106">
    <groups>
    </groups>
    <test started-at="2022-01-12T17:20:27 IST" name="Test" finished-at="2022-01-12T17:20:44 IST" duration-ms="17106">
      <class name="com.tests.calculator.CalculatorTestCases">
        <test-method is-config="true" signature="setup()[pri:0, instance:com.tests.calculator.CalculatorTestCases@242b836]" started-at="2022-01-12T17:20:27 IST" name="setup" finished-at="2022-01-12T17:20:34 IST" duration-ms="7542" status="PASS">
          <reporter-output>
          </reporter-output>
        </test-method> <!-- setup -->
        <test-method signature="SumTest()[pri:1, instance:com.tests.calculator.CalculatorTestCases@242b836]" started-at="2022-01-12T17:20:34 IST" name="SumTest" finished-at="2022-01-12T17:20:37 IST" duration-ms="2623" status="PASS">
          <reporter-output>
          </reporter-output>
        </test-method> <!-- SumTest -->
        <test-method signature="SubTest()[pri:2, instance:com.tests.calculator.CalculatorTestCases@242b836]" started-at="2022-01-12T17:20:37 IST" name="SubTest" finished-at="2022-01-12T17:20:39 IST" duration-ms="2276" status="PASS">
          <reporter-output>
          </reporter-output>
        </test-method> <!-- SubTest -->
        <test-method signature="MulTest()[pri:3, instance:com.tests.calculator.CalculatorTestCases@242b836]" started-at="2022-01-12T17:20:39 IST" name="MulTest" finished-at="2022-01-12T17:20:42 IST" duration-ms="2262" status="PASS">
          <reporter-output>
          </reporter-output>
        </test-method> <!-- MulTest -->
        <test-method signature="DivTest()[pri:4, instance:com.tests.calculator.CalculatorTestCases@242b836]" started-at="2022-01-12T17:20:42 IST" name="DivTest" finished-at="2022-01-12T17:20:44 IST" duration-ms="2310" status="PASS">
          <reporter-output>
          </reporter-output>
        </test-method> <!-- DivTest -->
      </class> <!-- com.tests.calculator.CalculatorTestCases -->
    </test> <!-- Test -->
  </suite> <!-- Suite -->
</testng-results>
